[13:16:33] [main/INFO] (FabricLoader) Loading for game Minecraft 1.16.5
[13:16:33] [main/INFO] (Fabric|Loader) [FabricLoader] Loading 50 mods: fabric-renderer-api-v1@0.4.3+0ef801b67d, fabric-keybindings-v0@0.2.1+ca58154a7d, fabricloader@0.11.3, fabric-structure-api-v1@1.1.4+ca58154a7d, fabric-containers-v0@0.1.11+9354966b7d, fabric-dimensions-v1@2.0.6+61336ba97d, fabric-object-builder-api-v1@1.9.5+c88702897d, java@11, fabric-game-rule-api-v1@1.0.6+ca58154a7d, fabric-api-base@0.3.0+c88702897d, fabric-rendering-data-attachment-v1@0.1.5+ca58154a7d, fabric-textures-v0@1.0.6+ca58154a7d, fabric-rendering-fluids-v1@0.1.13+ca58154a7d, fabric-blockrenderlayer-v1@1.1.5+ca58154a7d, fabric-lifecycle-events-v1@1.2.1+ca58154a7d, fabric-renderer-registries-v1@2.3.0+2868a2287d, fabric-loot-tables-v1@1.0.2+ca58154a7d, fabric@0.34.2+1.16, fabric-particles-v1@0.2.4+ca58154a7d, fabric-networking-v0@0.3.2+ca58154a7d, fabric-api-lookup-api-v1@1.0.0+dc716ea17d, fabric-screen-handler-api-v1@1.1.5+9354966b7d, minecraft@1.16.5, fabric-networking-blockentity-v0@0.2.8+ca58154a7d, fabric-command-api-v1@1.1.1+351679a77d, fabric-screen-api-v1@1.0.0+c045166c7d, fabric-tool-attribute-api-v1@1.2.7+8183d3957d, fabric-renderer-indigo@0.4.4+ca58154a7d, fabric-item-api-v1@1.2.1+ca58154a7d, fabric-events-interaction-v0@0.4.2+ca58154a7d, fabric-crash-report-info-v1@0.1.3+ca58154a7d, fabric-entity-events-v1@1.1.0+c88702897d, fabric-rendering-v0@1.1.2+ca58154a7d, fabric-rendering-v1@1.6.0+2868a2287d, fabric-key-binding-api-v1@1.0.4+9354966b7d, fabric-resource-loader-v0@0.4.6+2868a2287d, fabric-content-registries-v0@0.2.1+ca58154a7d, fabric-tag-extensions-v0@1.1.1+ca58154a7d, generated_2b0a7d6@1.0.0, fabric-biome-api-v1@3.1.1+ca58154a7d, architectury@1.14.156, fabric-registry-sync-v0@0.7.4+ca58154a7d, fabric-commands-v0@0.2.2+ca58154a7d, fabric-mining-levels-v0@0.1.3+ca58154a7d, fabric-networking-api-v1@1.0.3+e3c9d0627d, fabric-events-lifecycle-v0@0.2.1+ca58154a7d, fabric-item-groups-v0@0.2.7+2868a2287d, fabric-models-v0@0.3.0+bc7a746f7d, fabric-object-builders-v0@0.7.2+ca58154a7d, examplemod@1.0.0
[13:16:34] [main/INFO] (mixin) SpongePowered MIXIN Subsystem Version=0.8.2 Source=file:/C:/Users/tnich/.gradle/caches/modules-2/files-2.1/net.fabricmc/sponge-mixin/0.9.2+mixin.0.8.2/12c437eebf031967eaa7daad861e115932772cc7/sponge-mixin-0.9.2+mixin.0.8.2.jar Service=Knot/Fabric Env=CLIENT
[13:16:34] [main/INFO] (Fabric|MixinBootstrap) Loaded Fabric development mappings for mixin remapper!
[13:16:34] [main/INFO] (mixin) Remapping refMap fabric-networking-blockentity-v0-refmap.json using remapper chain
[13:16:34] [main/INFO] (mixin) Remapping refMap fabric-screen-handler-api-v1-refmap.json using remapper chain
[13:16:34] [main/INFO] (mixin) Remapping refMap fabric-lifecycle-events-v1-refmap.json using remapper chain
[13:16:34] [main/INFO] (mixin) Remapping refMap fabric-containers-v0-refmap.json using remapper chain
[13:16:34] [main/INFO] (mixin) Remapping refMap fabric-rendering-data-attachment-v1-refmap.json using remapper chain
[13:16:34] [main/INFO] (mixin) Remapping refMap fabric-renderer-indigo-refmap.json using remapper chain
[13:16:34] [main/INFO] (mixin) Remapping refMap fabric-structure-api-v1-refmap.json using remapper chain
[13:16:34] [main/INFO] (mixin) Remapping refMap fabric-item-api-v1-refmap.json using remapper chain
[13:16:34] [main/INFO] (mixin) Remapping refMap fabric-events-interaction-v0-refmap.json using remapper chain
[13:16:34] [main/INFO] (mixin) Remapping refMap fabric-loot-tables-v1-refmap.json using remapper chain
[13:16:34] [main/INFO] (mixin) Remapping refMap fabric-object-builder-api-v1-refmap.json using remapper chain
[13:16:34] [main/INFO] (mixin) Remapping refMap fabric-screen-api-v1-refmap.json using remapper chain
[13:16:34] [main/INFO] (mixin) Remapping refMap fabric-dimensions-v1-refmap.json using remapper chain
[13:16:34] [main/INFO] (mixin) Remapping refMap fabric-renderer-registries-v1-refmap.json using remapper chain
[13:16:34] [main/INFO] (mixin) Remapping refMap architectury-fabric-refmap.json using remapper chain
[13:16:34] [main/INFO] (mixin) Remapping refMap fabric-textures-v0-refmap.json using remapper chain
[13:16:34] [main/INFO] (mixin) Remapping refMap fabric-registry-sync-v0-refmap.json using remapper chain
[13:16:34] [main/INFO] (mixin) Remapping refMap fabric-models-v0-refmap.json using remapper chain
[13:16:34] [main/INFO] (mixin) Remapping refMap fabric-blockrenderlayer-v1-refmap.json using remapper chain
[13:16:34] [main/INFO] (mixin) Remapping refMap fabric-renderer-api-v1-refmap.json using remapper chain
[13:16:34] [main/INFO] (mixin) Remapping refMap fabric-containers-v0-refmap.json using remapper chain
[13:16:34] [main/INFO] (mixin) Remapping refMap fabric-rendering-fluids-v1-refmap.json using remapper chain
[13:16:34] [main/INFO] (mixin) Remapping refMap fabric-biome-api-v1-refmap.json using remapper chain
[13:16:34] [main/INFO] (mixin) Remapping refMap fabric-resource-loader-v0-refmap.json using remapper chain
[13:16:34] [main/INFO] (mixin) Remapping refMap fabric-game-rule-api-v1-refmap.json using remapper chain
[13:16:34] [main/INFO] (mixin) Remapping refMap fabric-networking-api-v1-refmap.json using remapper chain
[13:16:34] [main/INFO] (mixin) Remapping refMap architectury-common-refmap.json using remapper chain
[13:16:34] [main/INFO] (mixin) Remapping refMap fabric-particles-v1-refmap.json using remapper chain
[13:16:34] [main/INFO] (mixin) Remapping refMap fabric-object-builders-refmap.json using remapper chain
[13:16:34] [main/INFO] (mixin) Remapping refMap fabric-tag-extensions-v0-refmap.json using remapper chain
[13:16:34] [main/INFO] (mixin) Remapping refMap fabric-tool-attribute-api-v1-refmap.json using remapper chain
[13:16:34] [main/INFO] (mixin) Remapping refMap fabric-rendering-v1-refmap.json using remapper chain
[13:16:34] [main/INFO] (mixin) Remapping refMap fabric-item-groups-v0-refmap.json using remapper chain
[13:16:34] [main/INFO] (mixin) Remapping refMap fabric-content-registries-v0-refmap.json using remapper chain
[13:16:34] [main/INFO] (mixin) Remapping refMap fabric-api-lookup-api-v1-refmap.json using remapper chain
[13:16:34] [main/INFO] (mixin) Remapping refMap fabric-command-api-v1-refmap.json using remapper chain
[13:16:34] [main/INFO] (mixin) Remapping refMap fabric-crash-report-info-v1-refmap.json using remapper chain
[13:16:34] [main/INFO] (mixin) Remapping refMap fabric-entity-events-v1-refmap.json using remapper chain
[13:16:34] [main/INFO] (mixin) Remapping refMap fabric-key-binding-api-v1-refmap.json using remapper chain
[13:16:34] [main/INFO] (mixin) Remapping refMap fabric-renderer-api-v1-refmap.json using remapper chain
[13:16:34] [main/WARN] (mixin) @Mixin target net/minecraft/client/renderer/block/ModelBlockRenderer$AmbientOcclusionFace is public in fabric-renderer-indigo.mixins.json:MixinAmbientOcclusionCalculator and should be specified in value
[13:16:34] [main/WARN] (mixin) @Mixin target net/minecraft/client/renderer/chunk/ChunkRenderDispatcher$RenderChunk$RebuildTask is public in fabric-renderer-indigo.mixins.json:MixinChunkRebuildTask and should be specified in value
[13:16:34] [main/WARN] (mixin) @Mixin target net/minecraft/world/entity/npc/VillagerTrades$EmeraldsForVillagerTypeItem is public in fabric-object-builder-v1.mixins.json:TypeAwareTradeMixin and should be specified in value
[13:16:34] [main/WARN] (mixin) @Mixin target net/minecraft/client/gui/font/FontManager$1 is public in fabric-resource-loader-v0.mixins.json:client.FontManagerResourceReloadListenerMixin and should be specified in value
[13:16:34] [main/WARN] (mixin) @Mixin target net/minecraft/server/commands/GameRuleCommand$1 is public in fabric-game-rule-api-v1.mixins.json:GameRuleCommandVisitorMixin and should be specified in value
[13:16:34] [main/WARN] (mixin) @Mixin target net/minecraft/client/gui/screens/worldselection/EditGameRulesScreen$RuleList$1 is public in fabric-game-rule-api-v1.mixins.json:client.RuleListWidgetVisitorMixin and should be specified in value
[13:16:34] [main/WARN] (mixin) @Mixin target net/minecraft/server/level/ChunkMap$TrackedEntity is public in fabric-networking-api-v1.mixins.json:accessor.EntityTrackerAccessor and should be specified in value
[13:16:34] [main/WARN] (mixin) @Mixin target net/minecraft/client/particle/ParticleEngine$MutableSpriteSet is public in fabric-particles-v1.mixins.json:ParticleManagerAccessor$SimpleSpriteProviderAccessor and should be specified in value
[13:16:34] [main/WARN] (mixin) @Mixin target net/minecraft/tags/Tag$1 is public in fabric-tag-extensions-v0.mixins.json:MixinTagImpl and should be specified in value
[13:16:34] [main/WARN] (mixin) @Mixin target net/minecraft/tags/StaticTagHelper$Wrapper is public in fabric-tag-extensions-v0.mixins.json:MixinTagImpl and should be specified in value
[13:16:34] [main/WARN] (mixin) @Mixin target net/minecraft/client/resources/model/WeightedBakedModel$WeightedModel is public in fabric-renderer-api-v1.mixins.json:client.WeightedBakedModelEntryAccessor and should be specified in value
[13:16:38] [main/INFO] (Minecraft) Environment: authHost='https://authserver.mojang.com', accountsHost='https://api.mojang.com', sessionHost='https://sessionserver.mojang.com', servicesHost='https://api.minecraftservices.com', name='PROD'
[13:16:38] [main/ERROR] (Minecraft) Failed to verify authentication
com.mojang.authlib.exceptions.AuthenticationUnavailableException: null
	at com.mojang.authlib.yggdrasil.YggdrasilSocialInteractionsService.checkPrivileges(YggdrasilSocialInteractionsService.java:97) ~[authlib-2.1.28.jar:?]
	at com.mojang.authlib.yggdrasil.YggdrasilSocialInteractionsService.<init>(YggdrasilSocialInteractionsService.java:40) ~[authlib-2.1.28.jar:?]
	at com.mojang.authlib.yggdrasil.YggdrasilAuthenticationService.createSocialInteractionsService(YggdrasilAuthenticationService.java:152) ~[authlib-2.1.28.jar:?]
	at net.minecraft.client.Minecraft.createSocialInteractions(Minecraft.java:625) [minecraft-1.16.5-mapped-net.minecraft.mappings-1.16.5-v2.jar:?]
	at net.minecraft.client.Minecraft.<init>(Minecraft.java:409) [minecraft-1.16.5-mapped-net.minecraft.mappings-1.16.5-v2.jar:?]
	at net.minecraft.client.main.Main.main(Main.java:177) [minecraft-1.16.5-mapped-net.minecraft.mappings-1.16.5-v2.jar:?]
	at jdk.internal.reflect.NativeMethodAccessorImpl.invoke0(Native Method) ~[?:?]
	at jdk.internal.reflect.NativeMethodAccessorImpl.invoke(NativeMethodAccessorImpl.java:62) ~[?:?]
	at jdk.internal.reflect.DelegatingMethodAccessorImpl.invoke(DelegatingMethodAccessorImpl.java:43) ~[?:?]
	at java.lang.reflect.Method.invoke(Method.java:566) ~[?:?]
	at net.fabricmc.loader.game.MinecraftGameProvider.launch(MinecraftGameProvider.java:226) [fabric-loader-0.11.3.jar:?]
	at net.fabricmc.loader.launch.knot.Knot.launch(Knot.java:146) [fabric-loader-0.11.3.jar:?]
	at net.fabricmc.loader.launch.knot.KnotClient.main(KnotClient.java:28) [fabric-loader-0.11.3.jar:?]
	at net.fabricmc.devlaunchinjector.Main.main(Main.java:86) [dev-launch-injector-0.2.1+build.8.jar:?]
	at me.shedaniel.architectury.transformer.TransformerRuntime.main(TransformerRuntime.java:333) [architectury-transformer-2.3.43-runtime.jar:2.3.43]
[13:16:38] [main/INFO] (Minecraft) Setting user: Player206
[13:16:39] [main/INFO] (Indigo) [Indigo] Registering Indigo renderer!
[13:16:39] [main/INFO] (Minecraft) Backend library: LWJGL version 3.2.2 build 10
[13:16:41] [main/INFO] (Minecraft) Narrator library for x64 successfully loaded
[13:16:41] [main/INFO] (Minecraft) Reloading ResourceManager: Default, Fabric Mods (Fabric Renderer API (v1), Fabric Key Bindings (v0), Fabric Loader, Fabric Structure API (v1), Fabric Containers (v0), Fabric Dimensions API (v1), Fabric Object Builder API (v1), Fabric Game Rule API (v1), Fabric API Base, Fabric Rendering Data Attachment (v1), Fabric Textures (v0), Fabric Rendering Fluids (v1), Fabric BlockRenderLayer Registration (v1), Fabric Lifecycle Events (v1), Fabric Renderer Registries (v1), Fabric Loot Tables (v1), Fabric API, Fabric Particles (v1), Fabric Networking (v0), Fabric API Lookup API (v1), Fabric Screen Handler API (v1), Fabric Networking Block Entity (v0), Fabric Command API (v1), Fabric Screen API (v1), Fabric Tool Attribute API (v1), Fabric Renderer - Indigo, Fabric Item API (v1), Fabric Events Interaction (v0), Fabric Crash Report Info (v1), Fabric Entity Events (v1), Fabric Rendering (v0), Fabric Rendering (v1), Fabric Key Binding API (v1), Fabric Resource Loader (v0), Fabric Content Registries (v0), Fabric Tag Extensions (v0), Generated Mod (Please Ignore), Fabric Biome API (v1), Fabric Registry Sync (v0), Fabric Commands (v0), Fabric Mining Levels (v0), Fabric Networking API (v1), Fabric Events Lifecycle (v0), Fabric Item Groups (v0), Fabric Models (v0), Fabric Object Builders (v0))
[13:16:41] [Realms Notification Availability checker #1/INFO] (Minecraft) Could not authorize you against Realms server: Invalid session id
[13:16:44] [Worker-Main-13/WARN] (Minecraft) Unable to load model: 'examplemod:example_item#inventory' referenced from: examplemod:example_item#inventory: java.io.FileNotFoundException: examplemod:models/item/example_item.json
[13:16:45] [main/INFO] (Minecraft) OpenAL initialized.
[13:16:45] [main/INFO] (Minecraft) Sound engine started
[13:16:45] [main/INFO] (Minecraft) Created: 1024x1024x4 minecraft:textures/atlas/blocks.png-atlas
[13:16:45] [main/INFO] (Minecraft) Created: 256x128x4 minecraft:textures/atlas/signs.png-atlas
[13:16:45] [main/INFO] (Minecraft) Created: 1024x512x4 minecraft:textures/atlas/banner_patterns.png-atlas
[13:16:45] [main/INFO] (Minecraft) Created: 1024x512x4 minecraft:textures/atlas/shield_patterns.png-atlas
[13:16:45] [main/INFO] (Minecraft) Created: 256x256x4 minecraft:textures/atlas/chest.png-atlas
[13:16:45] [main/INFO] (Minecraft) Created: 512x256x4 minecraft:textures/atlas/beds.png-atlas
[13:16:45] [main/INFO] (Minecraft) Created: 512x256x4 minecraft:textures/atlas/shulker_boxes.png-atlas
[13:16:45] [main/INFO] (Minecraft) Created: 256x256x0 minecraft:textures/atlas/particles.png-atlas
[13:16:45] [main/INFO] (Minecraft) Created: 256x256x0 minecraft:textures/atlas/paintings.png-atlas
[13:16:45] [main/INFO] (Minecraft) Created: 256x128x0 minecraft:textures/atlas/mob_effects.png-atlas
[13:16:59] [main/WARN] (Minecraft) Ambiguity between arguments [teleport, destination] and [teleport, targets] with inputs: [Player, 0123, @e, dd12be42-52a9-4a91-a8a1-11c01849e498]
[13:16:59] [main/WARN] (Minecraft) Ambiguity between arguments [teleport, location] and [teleport, destination] with inputs: [0.1 -0.5 .9, 0 0 0]
[13:16:59] [main/WARN] (Minecraft) Ambiguity between arguments [teleport, location] and [teleport, targets] with inputs: [0.1 -0.5 .9, 0 0 0]
[13:16:59] [main/WARN] (Minecraft) Ambiguity between arguments [teleport, targets] and [teleport, destination] with inputs: [Player, 0123, dd12be42-52a9-4a91-a8a1-11c01849e498]
[13:16:59] [main/WARN] (Minecraft) Ambiguity between arguments [teleport, targets, location] and [teleport, targets, destination] with inputs: [0.1 -0.5 .9, 0 0 0]
[13:16:59] [main/INFO] (Minecraft) Reloading ResourceManager: Default, Fabric Mods (Fabric Tool Attribute API (v1))
[13:17:00] [main/INFO] (Minecraft) Loaded 7 recipes
[13:17:00] [main/INFO] (Minecraft) Loaded 927 advancements
[13:17:00] [main/INFO] (BiomeModificationImpl) Applied 0 biome modifications to 0 of 79 new biomes in 1.292 ms
[13:17:01] [main/INFO] (Minecraft) Environment: authHost='https://authserver.mojang.com', accountsHost='https://api.mojang.com', sessionHost='https://sessionserver.mojang.com', servicesHost='https://api.minecraftservices.com', name='PROD'
[13:17:01] [Server thread/INFO] (Minecraft) Starting integrated minecraft server version 1.16.5
[13:17:01] [Server thread/INFO] (Minecraft) Generating keypair
[13:17:01] [Server thread/INFO] (Minecraft) Preparing start region for dimension minecraft:overworld
[13:17:02] [main/INFO] (Minecraft) Preparing spawn area: 0%
[13:17:02] [main/INFO] (Minecraft) Preparing spawn area: 1%
[13:17:02] [main/INFO] (Minecraft) Preparing spawn area: 10%
[13:17:03] [main/INFO] (Minecraft) Preparing spawn area: 18%
[13:17:03] [main/INFO] (Minecraft) Preparing spawn area: 26%
[13:17:04] [main/INFO] (Minecraft) Preparing spawn area: 35%
[13:17:04] [main/INFO] (Minecraft) Preparing spawn area: 43%
[13:17:05] [main/INFO] (Minecraft) Preparing spawn area: 52%
[13:17:05] [main/INFO] (Minecraft) Preparing spawn area: 59%
[13:17:06] [main/INFO] (Minecraft) Preparing spawn area: 68%
[13:17:06] [main/INFO] (Minecraft) Preparing spawn area: 77%
[13:17:07] [main/INFO] (Minecraft) Preparing spawn area: 86%
[13:17:07] [main/INFO] (Minecraft) Preparing spawn area: 95%
[13:17:08] [main/INFO] (Minecraft) Time elapsed: 6257 ms
[13:17:08] [Server thread/INFO] (Minecraft) Changing view distance to 11, from 10
[13:17:09] [Server thread/INFO] (Minecraft) Player206[local:E:0b4716c2] logged in with entity id 29 at (-216.5, 4.0, 195.5)
[13:17:09] [Server thread/INFO] (Minecraft) Player206 joined the game
[13:17:09] [Server thread/INFO] (Minecraft) Saving and pausing game...
[13:17:09] [Server thread/INFO] (Minecraft) Saving chunks for level 'ServerLevel[New World]'/minecraft:overworld
[13:17:09] [main/INFO] (Minecraft) Loaded 0 advancements
[13:17:09] [Server thread/INFO] (Minecraft) Saving chunks for level 'ServerLevel[New World]'/minecraft:the_nether
[13:17:09] [Server thread/INFO] (Minecraft) Saving chunks for level 'ServerLevel[New World]'/minecraft:the_end
[13:17:12] [main/INFO] (Minecraft) Stopping!
[13:17:12] [Server thread/INFO] (Minecraft) Player206 lost connection: Disconnected
[13:17:12] [Server thread/INFO] (Minecraft) Player206 left the game
[13:17:12] [Server thread/INFO] (Minecraft) Stopping singleplayer server as player logged out
[13:17:12] [Server thread/INFO] (Minecraft) Stopping server
[13:17:12] [Server thread/INFO] (Minecraft) Saving players
[13:17:12] [Server thread/INFO] (Minecraft) Saving worlds
[13:17:12] [Server thread/INFO] (Minecraft) Saving chunks for level 'ServerLevel[New World]'/minecraft:overworld
[13:17:12] [Server thread/INFO] (Minecraft) ThreadedAnvilChunkStorage (New World): All chunks are saved
[13:17:12] [Server thread/INFO] (Minecraft) Saving chunks for level 'ServerLevel[New World]'/minecraft:the_nether
[13:17:12] [Server thread/INFO] (Minecraft) ThreadedAnvilChunkStorage (DIM-1): All chunks are saved
[13:17:12] [Server thread/INFO] (Minecraft) Saving chunks for level 'ServerLevel[New World]'/minecraft:the_end
[13:17:12] [Server thread/INFO] (Minecraft) ThreadedAnvilChunkStorage (DIM1): All chunks are saved
[13:17:12] [Server thread/INFO] (Minecraft) ThreadedAnvilChunkStorage (New World): All chunks are saved
[13:17:12] [Server thread/INFO] (Minecraft) ThreadedAnvilChunkStorage (DIM-1): All chunks are saved
[13:17:12] [Server thread/INFO] (Minecraft) ThreadedAnvilChunkStorage (DIM1): All chunks are saved
